[2020-10-14 14:09:44] [info] Start Program:
Path:"C:\\Users\\SLRYZD\\Desktop\\Github\\DailyCodes\\Course 202009\\Algorithm\\0928\\Compare\\Debug\\Compare.exe"
Arguments:
Working directory: "C:\\Users\\SLRYZD\\Desktop\\Github\\DailyCodes\\Course 202009\\Algorithm\\0928\\Compare"
Modules: Selected: C:\Users\SLRYZD\Desktop\Github\DailyCodes\Course 202009\Algorithm\0928\Compare\Debug\Compare.exe Excluded: 
Sources: Selected: C:\Users\SLRYZD\Desktop\Github\DailyCodes\Course 202009\Algorithm\0928\Compare Excluded: 
Log Level: Normal
Cover Children: 0
Aggregate by file: 1
Continue after C++ exception: 0
Optimized build support: 0
Export: binary C:\Users\SLRYZD\AppData\Local\Temp\jg1r5gz2.sal 
Input coverage: 
Unified diff: 
Excluded line regular expressions: 
Substitute pdb source paths: 

[2020-10-14 14:09:44] [info] Module: C:\Users\SLRYZD\Desktop\Github\DailyCodes\Course 202009\Algorithm\0928\Compare\Debug\Compare.exe is selected because it matches selected pattern: C:\Users\SLRYZD\Desktop\Github\DailyCodes\Course 202009\Algorithm\0928\Compare\Debug\Compare.exe
[2020-10-14 14:09:44] [info] ----------------------------------------------------
[2020-10-14 14:09:44] [info] Coverage binary generated in file: C:\Users\SLRYZD\AppData\Local\Temp\jg1r5gz2.sal
[2020-10-14 14:09:44] [info] ----------------------------------------------------
